2022-11-01 16:51:47,119 remote_connection.py DEBUG remote_connection POST http://localhost:56762/session {"capabilities": {"firstMatch": [{}], "alwaysMatch": {"browserName": "chrome", "pageLoadStrategy": "normal", "goog:chromeOptions": {"extensions": [], "args": []}}}}
2022-11-01 16:51:47,120 connectionpool.py DEBUG connectionpool Starting new HTTP connection (1): localhost:56762
2022-11-01 16:51:48,445 connectionpool.py DEBUG connectionpool http://localhost:56762 "POST /session HTTP/1.1" 200 800
2022-11-01 16:51:48,459 remote_connection.py DEBUG remote_connection Remote response: status=200 | data={"value":{"capabilities":{"acceptInsecureCerts":false,"browserName":"chrome","browserVersion":"106.0.5249.119","chrome":{"chromedriverVersion":"106.0.5249.61 (511755355844955cd3e264779baf0dd38212a4d0-refs/branch-heads/5249@{#569})","userDataDir":"/var/folders/td/hcjvfhy971d3sdjnft_25k5s9p1k7d/T/.com.google.Chrome.yt5uE3"},"goog:chromeOptions":{"debuggerAddress":"localhost:56771"},"networkConnectionEnabled":false,"pageLoadStrategy":"normal","platformName":"mac os x","proxy":{},"setWindowRect":true,"strictFileInteractability":false,"timeouts":{"implicit":0,"pageLoad":300000,"script":30000},"unhandledPromptBehavior":"dismiss and notify","webauthn:extension:credBlob":true,"webauthn:extension:largeBlob":true,"webauthn:virtualAuthenticators":true},"sessionId":"d6aff1b7f96ffd0c2d302d62f0cd55c4"}} | headers=HTTPHeaderDict({'Content-Length': '800', 'Content-Type': 'application/json; charset=utf-8', 'cache-control': 'no-cache'})
2022-11-01 16:51:48,460 remote_connection.py DEBUG remote_connection Finished Request
2022-11-01 16:53:19,270 remote_connection.py DEBUG remote_connection POST http://localhost:56958/session {"capabilities": {"firstMatch": [{}], "alwaysMatch": {"browserName": "chrome", "pageLoadStrategy": "normal", "goog:chromeOptions": {"extensions": [], "args": []}}}}
2022-11-01 16:53:19,272 connectionpool.py DEBUG connectionpool Starting new HTTP connection (1): localhost:56958
2022-11-01 16:53:20,591 connectionpool.py DEBUG connectionpool http://localhost:56958 "POST /session HTTP/1.1" 200 800
2022-11-01 16:53:20,604 remote_connection.py DEBUG remote_connection Remote response: status=200 | data={"value":{"capabilities":{"acceptInsecureCerts":false,"browserName":"chrome","browserVersion":"106.0.5249.119","chrome":{"chromedriverVersion":"106.0.5249.61 (511755355844955cd3e264779baf0dd38212a4d0-refs/branch-heads/5249@{#569})","userDataDir":"/var/folders/td/hcjvfhy971d3sdjnft_25k5s9p1k7d/T/.com.google.Chrome.qv7Qns"},"goog:chromeOptions":{"debuggerAddress":"localhost:56967"},"networkConnectionEnabled":false,"pageLoadStrategy":"normal","platformName":"mac os x","proxy":{},"setWindowRect":true,"strictFileInteractability":false,"timeouts":{"implicit":0,"pageLoad":300000,"script":30000},"unhandledPromptBehavior":"dismiss and notify","webauthn:extension:credBlob":true,"webauthn:extension:largeBlob":true,"webauthn:virtualAuthenticators":true},"sessionId":"ebde8e103ec28cb5f95e6eae005e6b83"}} | headers=HTTPHeaderDict({'Content-Length': '800', 'Content-Type': 'application/json; charset=utf-8', 'cache-control': 'no-cache'})
2022-11-01 16:53:20,605 remote_connection.py DEBUG remote_connection Finished Request
2022-11-01 16:55:08,903 remote_connection.py DEBUG remote_connection POST http://localhost:56990/session {"capabilities": {"firstMatch": [{}], "alwaysMatch": {"browserName": "chrome", "pageLoadStrategy": "normal", "goog:chromeOptions": {"extensions": [], "args": []}}}}
2022-11-01 16:55:08,905 connectionpool.py DEBUG connectionpool Starting new HTTP connection (1): localhost:56990
2022-11-01 16:55:10,189 connectionpool.py DEBUG connectionpool http://localhost:56990 "POST /session HTTP/1.1" 200 800
2022-11-01 16:55:10,219 remote_connection.py DEBUG remote_connection Remote response: status=200 | data={"value":{"capabilities":{"acceptInsecureCerts":false,"browserName":"chrome","browserVersion":"106.0.5249.119","chrome":{"chromedriverVersion":"106.0.5249.61 (511755355844955cd3e264779baf0dd38212a4d0-refs/branch-heads/5249@{#569})","userDataDir":"/var/folders/td/hcjvfhy971d3sdjnft_25k5s9p1k7d/T/.com.google.Chrome.G6XE1D"},"goog:chromeOptions":{"debuggerAddress":"localhost:56999"},"networkConnectionEnabled":false,"pageLoadStrategy":"normal","platformName":"mac os x","proxy":{},"setWindowRect":true,"strictFileInteractability":false,"timeouts":{"implicit":0,"pageLoad":300000,"script":30000},"unhandledPromptBehavior":"dismiss and notify","webauthn:extension:credBlob":true,"webauthn:extension:largeBlob":true,"webauthn:virtualAuthenticators":true},"sessionId":"f7f671a9010a1d196e48d98a5b49c93c"}} | headers=HTTPHeaderDict({'Content-Length': '800', 'Content-Type': 'application/json; charset=utf-8', 'cache-control': 'no-cache'})
2022-11-01 16:55:10,219 remote_connection.py DEBUG remote_connection Finished Request
2022-11-01 16:55:10,242 base_page.py INFO base_page 初始化driver【】
2022-11-01 16:55:10,242 base_page.py INFO base_page 正在打开网页
2022-11-01 16:55:10,261 remote_connection.py DEBUG remote_connection POST http://localhost:56990/session/f7f671a9010a1d196e48d98a5b49c93c/url {"url": "http://39.98.138.157/shopxo/index.php?s=/index/user/logininfo.html"}
2022-11-01 16:55:13,860 connectionpool.py DEBUG connectionpool http://localhost:56990 "POST /session/f7f671a9010a1d196e48d98a5b49c93c/url HTTP/1.1" 200 14
2022-11-01 16:55:13,861 remote_connection.py DEBUG remote_connection Remote response: status=200 | data={"value":null} | headers=HTTPHeaderDict({'Content-Length': '14', 'Content-Type': 'application/json; charset=utf-8', 'cache-control': 'no-cache'})
2022-11-01 16:55:13,861 remote_connection.py DEBUG remote_connection Finished Request
2022-11-01 16:55:13,861 remote_connection.py DEBUG remote_connection POST http://localhost:56990/session/f7f671a9010a1d196e48d98a5b49c93c/element {"using": "css selector", "value": "[name=\"accounts\"]"}
2022-11-01 16:55:13,872 connectionpool.py DEBUG connectionpool http://localhost:56990 "POST /session/f7f671a9010a1d196e48d98a5b49c93c/element HTTP/1.1" 200 88
2022-11-01 16:55:13,872 remote_connection.py DEBUG remote_connection Remote response: status=200 | data={"value":{"element-6066-11e4-a52e-4f735466cecf":"40f1b130-58fe-473c-9e24-bf80ff8b96f3"}} | headers=HTTPHeaderDict({'Content-Length': '88', 'Content-Type': 'application/json; charset=utf-8', 'cache-control': 'no-cache'})
2022-11-01 16:55:13,872 remote_connection.py DEBUG remote_connection Finished Request
2022-11-01 16:55:13,872 remote_connection.py DEBUG remote_connection POST http://localhost:56990/session/f7f671a9010a1d196e48d98a5b49c93c/element/40f1b130-58fe-473c-9e24-bf80ff8b96f3/value {"text": "xuzhu666", "value": ["x", "u", "z", "h", "u", "6", "6", "6"], "id": "40f1b130-58fe-473c-9e24-bf80ff8b96f3"}
2022-11-01 16:55:13,980 connectionpool.py DEBUG connectionpool http://localhost:56990 "POST /session/f7f671a9010a1d196e48d98a5b49c93c/element/40f1b130-58fe-473c-9e24-bf80ff8b96f3/value HTTP/1.1" 200 14
2022-11-01 16:55:13,981 remote_connection.py DEBUG remote_connection Remote response: status=200 | data={"value":null} | headers=HTTPHeaderDict({'Content-Length': '14', 'Content-Type': 'application/json; charset=utf-8', 'cache-control': 'no-cache'})
2022-11-01 16:55:13,981 remote_connection.py DEBUG remote_connection Finished Request
2022-11-01 16:55:13,981 remote_connection.py DEBUG remote_connection POST http://localhost:56990/session/f7f671a9010a1d196e48d98a5b49c93c/element {"using": "css selector", "value": "[name=\"pwd\"]"}
2022-11-01 16:55:13,990 connectionpool.py DEBUG connectionpool http://localhost:56990 "POST /session/f7f671a9010a1d196e48d98a5b49c93c/element HTTP/1.1" 200 88
2022-11-01 16:55:13,990 remote_connection.py DEBUG remote_connection Remote response: status=200 | data={"value":{"element-6066-11e4-a52e-4f735466cecf":"788c3037-8082-46b8-981f-b3cae47a1ee9"}} | headers=HTTPHeaderDict({'Content-Length': '88', 'Content-Type': 'application/json; charset=utf-8', 'cache-control': 'no-cache'})
2022-11-01 16:55:13,990 remote_connection.py DEBUG remote_connection Finished Request
2022-11-01 16:55:13,990 remote_connection.py DEBUG remote_connection POST http://localhost:56990/session/f7f671a9010a1d196e48d98a5b49c93c/element/788c3037-8082-46b8-981f-b3cae47a1ee9/value {"text": "123456", "value": ["1", "2", "3", "4", "5", "6"], "id": "788c3037-8082-46b8-981f-b3cae47a1ee9"}
2022-11-01 16:55:14,039 connectionpool.py DEBUG connectionpool http://localhost:56990 "POST /session/f7f671a9010a1d196e48d98a5b49c93c/element/788c3037-8082-46b8-981f-b3cae47a1ee9/value HTTP/1.1" 200 14
2022-11-01 16:55:14,039 remote_connection.py DEBUG remote_connection Remote response: status=200 | data={"value":null} | headers=HTTPHeaderDict({'Content-Length': '14', 'Content-Type': 'application/json; charset=utf-8', 'cache-control': 'no-cache'})
2022-11-01 16:55:14,039 remote_connection.py DEBUG remote_connection Finished Request
2022-11-01 16:55:14,039 remote_connection.py DEBUG remote_connection POST http://localhost:56990/session/f7f671a9010a1d196e48d98a5b49c93c/element {"using": "xpath", "value": "/html[1]/body[1]/div[4]/div[1]/div[2]/div[2]/form[1]/div[3]/button[1]"}
2022-11-01 16:55:14,048 connectionpool.py DEBUG connectionpool http://localhost:56990 "POST /session/f7f671a9010a1d196e48d98a5b49c93c/element HTTP/1.1" 200 88
2022-11-01 16:55:14,048 remote_connection.py DEBUG remote_connection Remote response: status=200 | data={"value":{"element-6066-11e4-a52e-4f735466cecf":"e334c869-f3cd-4f04-9291-6e3cc137d4dd"}} | headers=HTTPHeaderDict({'Content-Length': '88', 'Content-Type': 'application/json; charset=utf-8', 'cache-control': 'no-cache'})
2022-11-01 16:55:14,048 remote_connection.py DEBUG remote_connection Finished Request
2022-11-01 16:55:14,048 remote_connection.py DEBUG remote_connection POST http://localhost:56990/session/f7f671a9010a1d196e48d98a5b49c93c/element/e334c869-f3cd-4f04-9291-6e3cc137d4dd/click {"id": "e334c869-f3cd-4f04-9291-6e3cc137d4dd"}
2022-11-01 16:55:14,106 connectionpool.py DEBUG connectionpool http://localhost:56990 "POST /session/f7f671a9010a1d196e48d98a5b49c93c/element/e334c869-f3cd-4f04-9291-6e3cc137d4dd/click HTTP/1.1" 200 14
2022-11-01 16:55:14,106 remote_connection.py DEBUG remote_connection Remote response: status=200 | data={"value":null} | headers=HTTPHeaderDict({'Content-Length': '14', 'Content-Type': 'application/json; charset=utf-8', 'cache-control': 'no-cache'})
2022-11-01 16:55:14,106 remote_connection.py DEBUG remote_connection Finished Request
2022-11-01 16:55:19,111 remote_connection.py DEBUG remote_connection DELETE http://localhost:56990/session/f7f671a9010a1d196e48d98a5b49c93c {}
2022-11-01 16:55:19,164 connectionpool.py DEBUG connectionpool http://localhost:56990 "DELETE /session/f7f671a9010a1d196e48d98a5b49c93c HTTP/1.1" 200 14
2022-11-01 16:55:19,165 remote_connection.py DEBUG remote_connection Remote response: status=200 | data={"value":null} | headers=HTTPHeaderDict({'Content-Length': '14', 'Content-Type': 'application/json; charset=utf-8', 'cache-control': 'no-cache'})
2022-11-01 16:55:19,165 remote_connection.py DEBUG remote_connection Finished Request
2022-11-01 16:57:45,093 remote_connection.py DEBUG remote_connection POST http://localhost:57043/session {"capabilities": {"firstMatch": [{}], "alwaysMatch": {"browserName": "chrome", "pageLoadStrategy": "normal", "goog:chromeOptions": {"extensions": [], "args": []}}}}
2022-11-01 16:57:45,094 connectionpool.py DEBUG connectionpool Starting new HTTP connection (1): localhost:57043
2022-11-01 16:57:46,341 connectionpool.py DEBUG connectionpool http://localhost:57043 "POST /session HTTP/1.1" 200 800
2022-11-01 16:57:46,376 remote_connection.py DEBUG remote_connection Remote response: status=200 | data={"value":{"capabilities":{"acceptInsecureCerts":false,"browserName":"chrome","browserVersion":"106.0.5249.119","chrome":{"chromedriverVersion":"106.0.5249.61 (511755355844955cd3e264779baf0dd38212a4d0-refs/branch-heads/5249@{#569})","userDataDir":"/var/folders/td/hcjvfhy971d3sdjnft_25k5s9p1k7d/T/.com.google.Chrome.jVGHgN"},"goog:chromeOptions":{"debuggerAddress":"localhost:57052"},"networkConnectionEnabled":false,"pageLoadStrategy":"normal","platformName":"mac os x","proxy":{},"setWindowRect":true,"strictFileInteractability":false,"timeouts":{"implicit":0,"pageLoad":300000,"script":30000},"unhandledPromptBehavior":"dismiss and notify","webauthn:extension:credBlob":true,"webauthn:extension:largeBlob":true,"webauthn:virtualAuthenticators":true},"sessionId":"c050ff943c8c1f09decfea062c0b0b9c"}} | headers=HTTPHeaderDict({'Content-Length': '800', 'Content-Type': 'application/json; charset=utf-8', 'cache-control': 'no-cache'})
2022-11-01 16:57:46,377 remote_connection.py DEBUG remote_connection Finished Request
2022-11-01 16:57:46,377 base_page.py INFO base_page 初始化driver【】
2022-11-01 16:57:46,377 base_page.py INFO base_page 正在打开网页
2022-11-01 16:57:46,378 remote_connection.py DEBUG remote_connection POST http://localhost:57043/session/c050ff943c8c1f09decfea062c0b0b9c/url {"url": "http://39.98.138.157/shopxo/index.php?s=/index/user/logininfo.html"}
2022-11-01 16:57:49,880 connectionpool.py DEBUG connectionpool http://localhost:57043 "POST /session/c050ff943c8c1f09decfea062c0b0b9c/url HTTP/1.1" 200 14
2022-11-01 16:57:49,880 remote_connection.py DEBUG remote_connection Remote response: status=200 | data={"value":null} | headers=HTTPHeaderDict({'Content-Length': '14', 'Content-Type': 'application/json; charset=utf-8', 'cache-control': 'no-cache'})
2022-11-01 16:57:49,881 remote_connection.py DEBUG remote_connection Finished Request
2022-11-01 16:57:49,881 base_page.py INFO base_page 正在输入
2022-11-01 16:57:49,881 base_page.py INFO base_page 正在元素定位
2022-11-01 16:57:49,881 remote_connection.py DEBUG remote_connection POST http://localhost:57043/session/c050ff943c8c1f09decfea062c0b0b9c/element {"using": "css selector", "value": "[name=\"accounts\"]"}
2022-11-01 16:57:49,891 connectionpool.py DEBUG connectionpool http://localhost:57043 "POST /session/c050ff943c8c1f09decfea062c0b0b9c/element HTTP/1.1" 200 88
2022-11-01 16:57:49,892 remote_connection.py DEBUG remote_connection Remote response: status=200 | data={"value":{"element-6066-11e4-a52e-4f735466cecf":"34a625d3-86d0-468d-a4c9-254ef39f9dee"}} | headers=HTTPHeaderDict({'Content-Length': '88', 'Content-Type': 'application/json; charset=utf-8', 'cache-control': 'no-cache'})
2022-11-01 16:57:49,892 remote_connection.py DEBUG remote_connection Finished Request
2022-11-01 16:57:49,892 remote_connection.py DEBUG remote_connection POST http://localhost:57043/session/c050ff943c8c1f09decfea062c0b0b9c/element/34a625d3-86d0-468d-a4c9-254ef39f9dee/value {"text": "xuzhu666", "value": ["x", "u", "z", "h", "u", "6", "6", "6"], "id": "34a625d3-86d0-468d-a4c9-254ef39f9dee"}
2022-11-01 16:57:50,064 connectionpool.py DEBUG connectionpool http://localhost:57043 "POST /session/c050ff943c8c1f09decfea062c0b0b9c/element/34a625d3-86d0-468d-a4c9-254ef39f9dee/value HTTP/1.1" 200 14
2022-11-01 16:57:50,065 remote_connection.py DEBUG remote_connection Remote response: status=200 | data={"value":null} | headers=HTTPHeaderDict({'Content-Length': '14', 'Content-Type': 'application/json; charset=utf-8', 'cache-control': 'no-cache'})
2022-11-01 16:57:50,065 remote_connection.py DEBUG remote_connection Finished Request
2022-11-01 16:57:50,065 base_page.py INFO base_page 正在输入
2022-11-01 16:57:50,065 base_page.py INFO base_page 正在元素定位
2022-11-01 16:57:50,065 remote_connection.py DEBUG remote_connection POST http://localhost:57043/session/c050ff943c8c1f09decfea062c0b0b9c/element {"using": "css selector", "value": "[name=\"pwd\"]"}
2022-11-01 16:57:50,073 connectionpool.py DEBUG connectionpool http://localhost:57043 "POST /session/c050ff943c8c1f09decfea062c0b0b9c/element HTTP/1.1" 200 88
2022-11-01 16:57:50,074 remote_connection.py DEBUG remote_connection Remote response: status=200 | data={"value":{"element-6066-11e4-a52e-4f735466cecf":"18fa5e3f-463a-4904-90bd-68f75f41d214"}} | headers=HTTPHeaderDict({'Content-Length': '88', 'Content-Type': 'application/json; charset=utf-8', 'cache-control': 'no-cache'})
2022-11-01 16:57:50,074 remote_connection.py DEBUG remote_connection Finished Request
2022-11-01 16:57:50,074 remote_connection.py DEBUG remote_connection POST http://localhost:57043/session/c050ff943c8c1f09decfea062c0b0b9c/element/18fa5e3f-463a-4904-90bd-68f75f41d214/value {"text": "123456", "value": ["1", "2", "3", "4", "5", "6"], "id": "18fa5e3f-463a-4904-90bd-68f75f41d214"}
2022-11-01 16:57:50,128 connectionpool.py DEBUG connectionpool http://localhost:57043 "POST /session/c050ff943c8c1f09decfea062c0b0b9c/element/18fa5e3f-463a-4904-90bd-68f75f41d214/value HTTP/1.1" 200 14
2022-11-01 16:57:50,128 remote_connection.py DEBUG remote_connection Remote response: status=200 | data={"value":null} | headers=HTTPHeaderDict({'Content-Length': '14', 'Content-Type': 'application/json; charset=utf-8', 'cache-control': 'no-cache'})
2022-11-01 16:57:50,128 remote_connection.py DEBUG remote_connection Finished Request
2022-11-01 16:57:50,128 base_page.py INFO base_page 正在点击按钮
2022-11-01 16:57:50,128 base_page.py INFO base_page 正在元素定位
2022-11-01 16:57:50,129 remote_connection.py DEBUG remote_connection POST http://localhost:57043/session/c050ff943c8c1f09decfea062c0b0b9c/element {"using": "xpath", "value": "/html[1]/body[1]/div[4]/div[1]/div[2]/div[2]/form[1]/div[3]/button[1]"}
2022-11-01 16:57:50,137 connectionpool.py DEBUG connectionpool http://localhost:57043 "POST /session/c050ff943c8c1f09decfea062c0b0b9c/element HTTP/1.1" 200 88
2022-11-01 16:57:50,137 remote_connection.py DEBUG remote_connection Remote response: status=200 | data={"value":{"element-6066-11e4-a52e-4f735466cecf":"f55b46a8-afee-44ee-8d22-4597f9fcb5f2"}} | headers=HTTPHeaderDict({'Content-Length': '88', 'Content-Type': 'application/json; charset=utf-8', 'cache-control': 'no-cache'})
2022-11-01 16:57:50,138 remote_connection.py DEBUG remote_connection Finished Request
2022-11-01 16:57:50,138 remote_connection.py DEBUG remote_connection POST http://localhost:57043/session/c050ff943c8c1f09decfea062c0b0b9c/element/f55b46a8-afee-44ee-8d22-4597f9fcb5f2/click {"id": "f55b46a8-afee-44ee-8d22-4597f9fcb5f2"}
2022-11-01 16:57:50,195 connectionpool.py DEBUG connectionpool http://localhost:57043 "POST /session/c050ff943c8c1f09decfea062c0b0b9c/element/f55b46a8-afee-44ee-8d22-4597f9fcb5f2/click HTTP/1.1" 200 14
2022-11-01 16:57:50,195 remote_connection.py DEBUG remote_connection Remote response: status=200 | data={"value":null} | headers=HTTPHeaderDict({'Content-Length': '14', 'Content-Type': 'application/json; charset=utf-8', 'cache-control': 'no-cache'})
2022-11-01 16:57:50,195 remote_connection.py DEBUG remote_connection Finished Request
2022-11-01 16:57:55,199 remote_connection.py DEBUG remote_connection DELETE http://localhost:57043/session/c050ff943c8c1f09decfea062c0b0b9c {}
2022-11-01 16:57:55,253 connectionpool.py DEBUG connectionpool http://localhost:57043 "DELETE /session/c050ff943c8c1f09decfea062c0b0b9c HTTP/1.1" 200 14
2022-11-01 16:57:55,254 remote_connection.py DEBUG remote_connection Remote response: status=200 | data={"value":null} | headers=HTTPHeaderDict({'Content-Length': '14', 'Content-Type': 'application/json; charset=utf-8', 'cache-control': 'no-cache'})
2022-11-01 16:57:55,254 remote_connection.py DEBUG remote_connection Finished Request
